This is pdfTeX, Version 3.14159265-2.6-1.40.17 (TeX Live 2016) (preloaded format=pdflatex 2016.5.22)  31 MAY 2017 17:16
entering extended mode
 \write18 enabled.
 file:line:error style messages enabled.
 %&-line parsing enabled.
**wfirst_sit_hls_cosmology_annual_report_april17.tex
(./wfirst_sit_hls_cosmology_annual_report_april17.tex
LaTeX2e <2016/03/31>
Babel <3.9r> and hyphenation patterns for 83 language(s) loaded.
(/usr/local/texlive/2016/texmf-dist/tex/latex/base/article.cls
Document Class: article 2014/09/29 v1.4h Standard LaTeX document class
(/usr/local/texlive/2016/texmf-dist/tex/latex/base/size11.clo
File: size11.clo 2014/09/29 v1.4h Standard LaTeX file (size option)
)
\c@part=\count79
\c@section=\count80
\c@subsection=\count81
\c@subsubsection=\count82
\c@paragraph=\count83
\c@subparagraph=\count84
\c@figure=\count85
\c@table=\count86
\abovecaptionskip=\skip41
\belowcaptionskip=\skip42
\bibindent=\dimen102
)
(/usr/local/texlive/2016/texmf-dist/tex/latex/graphics/epsfig.sty
Package: epsfig 1999/02/16 v1.7a (e)psfig emulation (SPQR)

(/usr/local/texlive/2016/texmf-dist/tex/latex/graphics/graphicx.sty
Package: graphicx 2014/10/28 v1.0g Enhanced LaTeX Graphics (DPC,SPQR)

(/usr/local/texlive/2016/texmf-dist/tex/latex/graphics/keyval.sty
Package: keyval 2014/10/28 v1.15 key=value parser (DPC)
\KV@toks@=\toks14
)
(/usr/local/texlive/2016/texmf-dist/tex/latex/graphics/graphics.sty
Package: graphics 2016/05/09 v1.0r Standard LaTeX Graphics (DPC,SPQR)

(/usr/local/texlive/2016/texmf-dist/tex/latex/graphics/trig.sty
Package: trig 2016/01/03 v1.10 sin cos tan (DPC)
)
(/usr/local/texlive/2016/texmf-dist/tex/latex/graphics-cfg/graphics.cfg
File: graphics.cfg 2016/01/02 v1.10 sample graphics configuration
)
Package graphics Info: Driver file: pdftex.def on input line 96.

(/usr/local/texlive/2016/texmf-dist/tex/latex/pdftex-def/pdftex.def
File: pdftex.def 2011/05/27 v0.06d Graphics/color for pdfTeX

(/usr/local/texlive/2016/texmf-dist/tex/generic/oberdiek/infwarerr.sty
Package: infwarerr 2016/05/16 v1.4 Providing info/warning/error messages (HO)
)
(/usr/local/texlive/2016/texmf-dist/tex/generic/oberdiek/ltxcmds.sty
Package: ltxcmds 2016/05/16 v1.23 LaTeX kernel commands for general use (HO)
)
\Gread@gobject=\count87
))
\Gin@req@height=\dimen103
\Gin@req@width=\dimen104
)
\epsfxsize=\dimen105
\epsfysize=\dimen106
)
(/usr/local/texlive/2016/texmf-dist/tex/latex/amsfonts/amssymb.sty
Package: amssymb 2013/01/14 v3.01 AMS font symbols

(/usr/local/texlive/2016/texmf-dist/tex/latex/amsfonts/amsfonts.sty
Package: amsfonts 2013/01/14 v3.01 Basic AMSFonts support
\@emptytoks=\toks15
\symAMSa=\mathgroup4
\symAMSb=\mathgroup5
LaTeX Font Info:    Overwriting math alphabet `\mathfrak' in version `bold'
(Font)                  U/euf/m/n --> U/euf/b/n on input line 106.
))
(/usr/local/texlive/2016/texmf-dist/tex/latex/wrapfig/wrapfig.sty
\wrapoverhang=\dimen107
\WF@size=\dimen108
\c@WF@wrappedlines=\count88
\WF@box=\box26
\WF@everypar=\toks16
Package: wrapfig 2003/01/31  v 3.6
)
(/usr/local/texlive/2016/texmf-dist/tex/latex/graphics/color.sty
Package: color 2016/05/09 v1.1c Standard LaTeX Color (DPC)

(/usr/local/texlive/2016/texmf-dist/tex/latex/graphics-cfg/color.cfg
File: color.cfg 2016/01/02 v1.6 sample color configuration
)
Package color Info: Driver file: pdftex.def on input line 144.
)
(/usr/local/texlive/2016/texmf-dist/tex/latex/boxedminipage/boxedminipage.sty)
(/usr/local/texlive/2016/texmf-dist/tex/latex/base/fix-cm.sty
Package: fix-cm 2015/01/14 v1.1t fixes to LaTeX

(/usr/local/texlive/2016/texmf-dist/tex/latex/base/ts1enc.def
File: ts1enc.def 2001/06/05 v3.0e (jk/car/fm) Standard LaTeX file
))
(/usr/local/texlive/2016/texmf-dist/tex/latex/pdfpages/pdfpages.sty
Package: pdfpages 2016/04/19 v0.5f Insert pages of external PDF documents (AM)

(/usr/local/texlive/2016/texmf-dist/tex/latex/base/ifthen.sty
Package: ifthen 2014/09/29 v1.1c Standard LaTeX ifthen package (DPC)
)
(/usr/local/texlive/2016/texmf-dist/tex/latex/tools/calc.sty
Package: calc 2014/10/28 v4.3 Infix arithmetic (KKT,FJ)
\calc@Acount=\count89
\calc@Bcount=\count90
\calc@Adimen=\dimen109
\calc@Bdimen=\dimen110
\calc@Askip=\skip43
\calc@Bskip=\skip44
LaTeX Info: Redefining \setlength on input line 80.
LaTeX Info: Redefining \addtolength on input line 81.
\calc@Ccount=\count91
\calc@Cskip=\skip45
)
(/usr/local/texlive/2016/texmf-dist/tex/latex/eso-pic/eso-pic.sty
Package: eso-pic 2015/07/21 v2.0g eso-pic (RN)

(/usr/local/texlive/2016/texmf-dist/tex/generic/oberdiek/atbegshi.sty
Package: atbegshi 2016/05/16 v1.17 At begin shipout hook (HO)

(/usr/local/texlive/2016/texmf-dist/tex/generic/oberdiek/ifpdf.sty
Package: ifpdf 2016/05/14 v3.1 Provides the ifpdf switch
)))
\AM@pagewidth=\dimen111
\AM@pageheight=\dimen112

(/usr/local/texlive/2016/texmf-dist/tex/latex/pdfpages/pppdftex.def
File: pppdftex.def 2016/04/19 v0.5f Pdfpages driver for pdfTeX (AM)
)
\AM@pagebox=\box27
\AM@global@opts=\toks17
\AM@toc@title=\toks18
\c@AM@survey=\count92
\AM@templatesizebox=\box28
)
(/usr/local/texlive/2016/texmf-dist/tex/latex/titlesec/titlesec.sty
Package: titlesec 2016/03/21 v2.10.2 Sectioning titles
\ttl@box=\box29
\beforetitleunit=\skip46
\aftertitleunit=\skip47
\ttl@plus=\dimen113
\ttl@minus=\dimen114
\ttl@toksa=\toks19
\titlewidth=\dimen115
\titlewidthlast=\dimen116
\titlewidthfirst=\dimen117
)
(/usr/local/texlive/2016/texmf-dist/tex/latex/blindtext/blindtext.sty
Package: blindtext 2012/01/06 V2.0 blindtext-Package

(/usr/local/texlive/2016/texmf-dist/tex/latex/tools/xspace.sty
Package: xspace 2014/10/28 v1.13 Space after command names (DPC,MH)
)
\c@blindtext=\count93
\c@Blindtext=\count94
\c@blind@countparstart=\count95
\blind@countxx=\count96
\blindtext@numBlindtext=\count97
\blind@countyy=\count98
\c@blindlist=\count99
\c@blindlistlevel=\count100
\c@blindlist@level=\count101
\blind@listitem=\count102
\c@blind@listcount=\count103
\c@blind@levelcount=\count104
\blind@mathformula=\count105
\blind@Mathformula=\count106
\c@blind@randomcount=\count107
\c@blind@randommax=\count108
\c@blind@pangramcount=\count109
\c@blind@pangrammax=\count110
)
(/usr/local/texlive/2016/texmf-dist/tex/latex/tcolorbox/tcolorbox.sty
Package: tcolorbox 2016/04/27 version 3.91 text color boxes

(/usr/local/texlive/2016/texmf-dist/tex/latex/pgf/basiclayer/pgf.sty
(/usr/local/texlive/2016/texmf-dist/tex/latex/pgf/utilities/pgfrcs.sty
(/usr/local/texlive/2016/texmf-dist/tex/generic/pgf/utilities/pgfutil-common.te
x
\pgfutil@everybye=\toks20
\pgfutil@tempdima=\dimen118
\pgfutil@tempdimb=\dimen119

(/usr/local/texlive/2016/texmf-dist/tex/generic/pgf/utilities/pgfutil-common-li
sts.tex))
(/usr/local/texlive/2016/texmf-dist/tex/generic/pgf/utilities/pgfutil-latex.def
\pgfutil@abb=\box30
(/usr/local/texlive/2016/texmf-dist/tex/latex/ms/everyshi.sty
Package: everyshi 2001/05/15 v3.00 EveryShipout Package (MS)
))
(/usr/local/texlive/2016/texmf-dist/tex/generic/pgf/utilities/pgfrcs.code.tex
Package: pgfrcs 2015/08/07 v3.0.1a (rcs-revision 1.31)
))
Package: pgf 2015/08/07 v3.0.1a (rcs-revision 1.15)
(/usr/local/texlive/2016/texmf-dist/tex/latex/pgf/basiclayer/pgfcore.sty
(/usr/local/texlive/2016/texmf-dist/tex/latex/pgf/systemlayer/pgfsys.sty
(/usr/local/texlive/2016/texmf-dist/tex/generic/pgf/systemlayer/pgfsys.code.tex
Package: pgfsys 2014/07/09 v3.0.1a (rcs-revision 1.48)
(/usr/local/texlive/2016/texmf-dist/tex/generic/pgf/utilities/pgfkeys.code.tex
\pgfkeys@pathtoks=\toks21
\pgfkeys@temptoks=\toks22

(/usr/local/texlive/2016/texmf-dist/tex/generic/pgf/utilities/pgfkeysfiltered.c
ode.tex
\pgfkeys@tmptoks=\toks23
))
\pgf@x=\dimen120
\pgf@y=\dimen121
\pgf@xa=\dimen122
\pgf@ya=\dimen123
\pgf@xb=\dimen124
\pgf@yb=\dimen125
\pgf@xc=\dimen126
\pgf@yc=\dimen127
\w@pgf@writea=\write3
\r@pgf@reada=\read1
\c@pgf@counta=\count111
\c@pgf@countb=\count112
\c@pgf@countc=\count113
\c@pgf@countd=\count114
\t@pgf@toka=\toks24
\t@pgf@tokb=\toks25
\t@pgf@tokc=\toks26

(/usr/local/texlive/2016/texmf-dist/tex/generic/pgf/systemlayer/pgf.cfg
File: pgf.cfg 2008/05/14  (rcs-revision 1.7)
)
Driver file for pgf: pgfsys-pdftex.def

(/usr/local/texlive/2016/texmf-dist/tex/generic/pgf/systemlayer/pgfsys-pdftex.d
ef
File: pgfsys-pdftex.def 2014/10/11  (rcs-revision 1.35)

(/usr/local/texlive/2016/texmf-dist/tex/generic/pgf/systemlayer/pgfsys-common-p
df.def
File: pgfsys-common-pdf.def 2013/10/10  (rcs-revision 1.13)
)))
(/usr/local/texlive/2016/texmf-dist/tex/generic/pgf/systemlayer/pgfsyssoftpath.
code.tex
File: pgfsyssoftpath.code.tex 2013/09/09  (rcs-revision 1.9)
\pgfsyssoftpath@smallbuffer@items=\count115
\pgfsyssoftpath@bigbuffer@items=\count116
)
(/usr/local/texlive/2016/texmf-dist/tex/generic/pgf/systemlayer/pgfsysprotocol.
code.tex
File: pgfsysprotocol.code.tex 2006/10/16  (rcs-revision 1.4)
)) (/usr/local/texlive/2016/texmf-dist/tex/latex/xcolor/xcolor.sty
Package: xcolor 2016/05/11 v2.12 LaTeX color extensions (UK)

(/usr/local/texlive/2016/texmf-dist/tex/latex/graphics-cfg/color.cfg
File: color.cfg 2016/01/02 v1.6 sample color configuration
)
Package xcolor Info: Driver file: pdftex.def on input line 225.
LaTeX Info: Redefining \color on input line 709.
Package xcolor Info: Model `cmy' substituted by `cmy0' on input line 1348.
Package xcolor Info: Model `hsb' substituted by `rgb' on input line 1352.
Package xcolor Info: Model `RGB' extended on input line 1364.
Package xcolor Info: Model `HTML' substituted by `rgb' on input line 1366.
Package xcolor Info: Model `Hsb' substituted by `hsb' on input line 1367.
Package xcolor Info: Model `tHsb' substituted by `hsb' on input line 1368.
Package xcolor Info: Model `HSB' substituted by `hsb' on input line 1369.
Package xcolor Info: Model `Gray' substituted by `gray' on input line 1370.
Package xcolor Info: Model `wave' substituted by `hsb' on input line 1371.
)
(/usr/local/texlive/2016/texmf-dist/tex/generic/pgf/basiclayer/pgfcore.code.tex
Package: pgfcore 2010/04/11 v3.0.1a (rcs-revision 1.7)
(/usr/local/texlive/2016/texmf-dist/tex/generic/pgf/math/pgfmath.code.tex
(/usr/local/texlive/2016/texmf-dist/tex/generic/pgf/math/pgfmathcalc.code.tex
(/usr/local/texlive/2016/texmf-dist/tex/generic/pgf/math/pgfmathutil.code.tex)
(/usr/local/texlive/2016/texmf-dist/tex/generic/pgf/math/pgfmathparser.code.tex
\pgfmath@dimen=\dimen128
\pgfmath@count=\count117
\pgfmath@box=\box31
\pgfmath@toks=\toks27
\pgfmath@stack@operand=\toks28
\pgfmath@stack@operation=\toks29
)
(/usr/local/texlive/2016/texmf-dist/tex/generic/pgf/math/pgfmathfunctions.code.
tex
(/usr/local/texlive/2016/texmf-dist/tex/generic/pgf/math/pgfmathfunctions.basic
.code.tex)
(/usr/local/texlive/2016/texmf-dist/tex/generic/pgf/math/pgfmathfunctions.trigo
nometric.code.tex)
(/usr/local/texlive/2016/texmf-dist/tex/generic/pgf/math/pgfmathfunctions.rando
m.code.tex)
(/usr/local/texlive/2016/texmf-dist/tex/generic/pgf/math/pgfmathfunctions.compa
rison.code.tex)
(/usr/local/texlive/2016/texmf-dist/tex/generic/pgf/math/pgfmathfunctions.base.
code.tex)
(/usr/local/texlive/2016/texmf-dist/tex/generic/pgf/math/pgfmathfunctions.round
.code.tex)
(/usr/local/texlive/2016/texmf-dist/tex/generic/pgf/math/pgfmathfunctions.misc.
code.tex)
(/usr/local/texlive/2016/texmf-dist/tex/generic/pgf/math/pgfmathfunctions.integ
erarithmetics.code.tex)))
(/usr/local/texlive/2016/texmf-dist/tex/generic/pgf/math/pgfmathfloat.code.tex
\c@pgfmathroundto@lastzeros=\count118
))
(/usr/local/texlive/2016/texmf-dist/tex/generic/pgf/basiclayer/pgfcorepoints.co
de.tex
File: pgfcorepoints.code.tex 2013/10/07  (rcs-revision 1.27)
\pgf@picminx=\dimen129
\pgf@picmaxx=\dimen130
\pgf@picminy=\dimen131
\pgf@picmaxy=\dimen132
\pgf@pathminx=\dimen133
\pgf@pathmaxx=\dimen134
\pgf@pathminy=\dimen135
\pgf@pathmaxy=\dimen136
\pgf@xx=\dimen137
\pgf@xy=\dimen138
\pgf@yx=\dimen139
\pgf@yy=\dimen140
\pgf@zx=\dimen141
\pgf@zy=\dimen142
)
(/usr/local/texlive/2016/texmf-dist/tex/generic/pgf/basiclayer/pgfcorepathconst
ruct.code.tex
File: pgfcorepathconstruct.code.tex 2013/10/07  (rcs-revision 1.29)
\pgf@path@lastx=\dimen143
\pgf@path@lasty=\dimen144
)
(/usr/local/texlive/2016/texmf-dist/tex/generic/pgf/basiclayer/pgfcorepathusage
.code.tex
File: pgfcorepathusage.code.tex 2014/11/02  (rcs-revision 1.24)
\pgf@shorten@end@additional=\dimen145
\pgf@shorten@start@additional=\dimen146
)
(/usr/local/texlive/2016/texmf-dist/tex/generic/pgf/basiclayer/pgfcorescopes.co
de.tex
File: pgfcorescopes.code.tex 2015/05/08  (rcs-revision 1.46)
\pgfpic=\box32
\pgf@hbox=\box33
\pgf@layerbox@main=\box34
\pgf@picture@serial@count=\count119
)
(/usr/local/texlive/2016/texmf-dist/tex/generic/pgf/basiclayer/pgfcoregraphicst
ate.code.tex
File: pgfcoregraphicstate.code.tex 2014/11/02  (rcs-revision 1.12)
\pgflinewidth=\dimen147
)
(/usr/local/texlive/2016/texmf-dist/tex/generic/pgf/basiclayer/pgfcoretransform
ations.code.tex
File: pgfcoretransformations.code.tex 2015/08/07  (rcs-revision 1.20)
\pgf@pt@x=\dimen148
\pgf@pt@y=\dimen149
\pgf@pt@temp=\dimen150
)
(/usr/local/texlive/2016/texmf-dist/tex/generic/pgf/basiclayer/pgfcorequick.cod
e.tex
File: pgfcorequick.code.tex 2008/10/09  (rcs-revision 1.3)
)
(/usr/local/texlive/2016/texmf-dist/tex/generic/pgf/basiclayer/pgfcoreobjects.c
ode.tex
File: pgfcoreobjects.code.tex 2006/10/11  (rcs-revision 1.2)
)
(/usr/local/texlive/2016/texmf-dist/tex/generic/pgf/basiclayer/pgfcorepathproce
ssing.code.tex
File: pgfcorepathprocessing.code.tex 2013/09/09  (rcs-revision 1.9)
)
(/usr/local/texlive/2016/texmf-dist/tex/generic/pgf/basiclayer/pgfcorearrows.co
de.tex
File: pgfcorearrows.code.tex 2015/05/14  (rcs-revision 1.43)
\pgfarrowsep=\dimen151
)
(/usr/local/texlive/2016/texmf-dist/tex/generic/pgf/basiclayer/pgfcoreshade.cod
e.tex
File: pgfcoreshade.code.tex 2013/07/15  (rcs-revision 1.15)
\pgf@max=\dimen152
\pgf@sys@shading@range@num=\count120
)
(/usr/local/texlive/2016/texmf-dist/tex/generic/pgf/basiclayer/pgfcoreimage.cod
e.tex
File: pgfcoreimage.code.tex 2013/07/15  (rcs-revision 1.18)

(/usr/local/texlive/2016/texmf-dist/tex/generic/pgf/basiclayer/pgfcoreexternal.
code.tex
File: pgfcoreexternal.code.tex 2014/07/09  (rcs-revision 1.21)
\pgfexternal@startupbox=\box35
))
(/usr/local/texlive/2016/texmf-dist/tex/generic/pgf/basiclayer/pgfcorelayers.co
de.tex
File: pgfcorelayers.code.tex 2013/07/18  (rcs-revision 1.7)
)
(/usr/local/texlive/2016/texmf-dist/tex/generic/pgf/basiclayer/pgfcoretranspare
ncy.code.tex
File: pgfcoretransparency.code.tex 2013/09/30  (rcs-revision 1.5)
)
(/usr/local/texlive/2016/texmf-dist/tex/generic/pgf/basiclayer/pgfcorepatterns.
code.tex
File: pgfcorepatterns.code.tex 2013/11/07  (rcs-revision 1.5)
)))
(/usr/local/texlive/2016/texmf-dist/tex/generic/pgf/modules/pgfmoduleshapes.cod
e.tex
File: pgfmoduleshapes.code.tex 2014/03/21  (rcs-revision 1.35)
\pgfnodeparttextbox=\box36
)
(/usr/local/texlive/2016/texmf-dist/tex/generic/pgf/modules/pgfmoduleplot.code.
tex
File: pgfmoduleplot.code.tex 2015/08/03  (rcs-revision 1.13)
)
(/usr/local/texlive/2016/texmf-dist/tex/latex/pgf/compatibility/pgfcomp-version
-0-65.sty
Package: pgfcomp-version-0-65 2007/07/03 v3.0.1a (rcs-revision 1.7)
\pgf@nodesepstart=\dimen153
\pgf@nodesepend=\dimen154
)
(/usr/local/texlive/2016/texmf-dist/tex/latex/pgf/compatibility/pgfcomp-version
-1-18.sty
Package: pgfcomp-version-1-18 2007/07/23 v3.0.1a (rcs-revision 1.1)
)) (/usr/local/texlive/2016/texmf-dist/tex/latex/tools/verbatim.sty
Package: verbatim 2014/10/28 v1.5q LaTeX2e package for verbatim enhancements
\every@verbatim=\toks30
\verbatim@line=\toks31
\verbatim@in@stream=\read2
)
(/usr/local/texlive/2016/texmf-dist/tex/latex/environ/environ.sty
Package: environ 2014/05/04 v0.3 A new way to define environments

(/usr/local/texlive/2016/texmf-dist/tex/latex/trimspaces/trimspaces.sty
Package: trimspaces 2009/09/17 v1.1 Trim spaces around a token list
)
\@envbody=\toks32
)
(/usr/local/texlive/2016/texmf-dist/tex/latex/etoolbox/etoolbox.sty
Package: etoolbox 2015/08/02 v2.2a e-TeX tools for LaTeX (JAW)
\etb@tempcnta=\count121
)
\tcb@titlebox=\box37
\tcb@upperbox=\box38
\tcb@lowerbox=\box39
\tcb@phantombox=\box40
\c@tcbbreakpart=\count122
\c@tcblayer=\count123
\tcolorbox@number=\count124
\tcb@temp=\box41
\tcb@temp=\box42
\tcb@temp=\box43
\tcb@temp=\box44
\tcb@out=\write4
\tcb@record@out=\write5
)
(/usr/local/texlive/2016/texmf-dist/tex/latex/hyperref/hyperref.sty
Package: hyperref 2016/05/05 v6.83n Hypertext links for LaTeX

(/usr/local/texlive/2016/texmf-dist/tex/generic/oberdiek/hobsub-hyperref.sty
Package: hobsub-hyperref 2016/05/16 v1.14 Bundle oberdiek, subset hyperref (HO)


(/usr/local/texlive/2016/texmf-dist/tex/generic/oberdiek/hobsub-generic.sty
Package: hobsub-generic 2016/05/16 v1.14 Bundle oberdiek, subset generic (HO)
Package: hobsub 2016/05/16 v1.14 Construct package bundles (HO)
Package hobsub Info: Skipping package `infwarerr' (already loaded).
Package hobsub Info: Skipping package `ltxcmds' (already loaded).
Package: ifluatex 2016/05/16 v1.4 Provides the ifluatex switch (HO)
Package ifluatex Info: LuaTeX not detected.
Package: ifvtex 2016/05/16 v1.6 Detect VTeX and its facilities (HO)
Package ifvtex Info: VTeX not detected.
Package: intcalc 2016/05/16 v1.2 Expandable calculations with integers (HO)
Package hobsub Info: Skipping package `ifpdf' (already loaded).
Package: etexcmds 2016/05/16 v1.6 Avoid name clashes with e-TeX commands (HO)
Package etexcmds Info: Could not find \expanded.
(etexcmds)             That can mean that you are not using pdfTeX 1.50 or
(etexcmds)             that some package has redefined \expanded.
(etexcmds)             In the latter case, load this package earlier.
Package: kvsetkeys 2016/05/16 v1.17 Key value parser (HO)
Package: kvdefinekeys 2016/05/16 v1.4 Define keys (HO)
Package: pdftexcmds 2016/05/10 v0.21 Utility functions of pdfTeX for LuaTeX (HO
)
Package pdftexcmds Info: LuaTeX not detected.
Package pdftexcmds Info: \pdf@primitive is available.
Package pdftexcmds Info: \pdf@ifprimitive is available.
Package pdftexcmds Info: \pdfdraftmode found.
Package: pdfescape 2016/05/16 v1.14 Implements pdfTeX's escape features (HO)
Package: bigintcalc 2016/05/16 v1.4 Expandable calculations on big integers (HO
)
Package: bitset 2016/05/16 v1.2 Handle bit-vector datatype (HO)
Package: uniquecounter 2016/05/16 v1.3 Provide unlimited unique counter (HO)
)
Package hobsub Info: Skipping package `hobsub' (already loaded).
Package: letltxmacro 2016/05/16 v1.5 Let assignment for LaTeX macros (HO)
Package: hopatch 2016/05/16 v1.3 Wrapper for package hooks (HO)
Package: xcolor-patch 2016/05/16 xcolor patch
Package: atveryend 2016/05/16 v1.9 Hooks at the very end of document (HO)
Package hobsub Info: Skipping package `atbegshi' (already loaded).
Package: refcount 2016/05/16 v3.5 Data extraction from label references (HO)
Package: hycolor 2016/05/16 v1.8 Color options for hyperref/bookmark (HO)
)
(/usr/local/texlive/2016/texmf-dist/tex/generic/ifxetex/ifxetex.sty
Package: ifxetex 2010/09/12 v0.6 Provides ifxetex conditional
)
(/usr/local/texlive/2016/texmf-dist/tex/latex/oberdiek/auxhook.sty
Package: auxhook 2016/05/16 v1.4 Hooks for auxiliary files (HO)
)
(/usr/local/texlive/2016/texmf-dist/tex/latex/oberdiek/kvoptions.sty
Package: kvoptions 2016/05/16 v3.12 Key value format for package options (HO)
)
\@linkdim=\dimen155
\Hy@linkcounter=\count125
\Hy@pagecounter=\count126

(/usr/local/texlive/2016/texmf-dist/tex/latex/hyperref/pd1enc.def
File: pd1enc.def 2016/05/05 v6.83n Hyperref: PDFDocEncoding definition (HO)
)
\Hy@SavedSpaceFactor=\count127

(/usr/local/texlive/2016/texmf-dist/tex/latex/latexconfig/hyperref.cfg
File: hyperref.cfg 2002/06/06 v1.2 hyperref configuration of TeXLive
)
Package hyperref Info: Option `colorlinks' set `true' on input line 4322.


Package hyperref Warning: Values of option `pdfpagemode':
(hyperref)                * `UseNone'
(hyperref)                * `UseOutlines'
(hyperref)                * `UseThumbs'
(hyperref)                * `FullScreen'
(hyperref)                * `UseOC' (PDF 1.5)
(hyperref)                * `UseAttachments' (PDF 1.6)
(hyperref)                * An empty value disables the option.
(hyperref)                Unknown value `None' on input line 4322.

Package hyperref Info: Option `bookmarksopen' set `true' on input line 4322.
Package hyperref Info: Hyper figures OFF on input line 4446.
Package hyperref Info: Link nesting OFF on input line 4451.
Package hyperref Info: Hyper index ON on input line 4454.
Package hyperref Info: Plain pages OFF on input line 4461.
Package hyperref Info: Backreferencing ON on input line 4464.
Package hyperref Info: Implicit mode ON; LaTeX internals redefined.
Package hyperref Info: Bookmarks ON on input line 4691.
(/usr/local/texlive/2016/texmf-dist/tex/latex/hyperref/backref.sty
Package: backref 2012/07/25 v1.38 Bibliographical back referencing

(/usr/local/texlive/2016/texmf-dist/tex/latex/oberdiek/rerunfilecheck.sty
Package: rerunfilecheck 2016/05/16 v1.8 Rerun checks for auxiliary files (HO)
Package uniquecounter Info: New unique counter `rerunfilecheck' on input line 2
82.
))
\c@Hy@tempcnt=\count128

(/usr/local/texlive/2016/texmf-dist/tex/latex/url/url.sty
\Urlmuskip=\muskip10
Package: url 2013/09/16  ver 3.4  Verb mode for urls, etc.
)
LaTeX Info: Redefining \url on input line 5044.
\XeTeXLinkMargin=\dimen156
\Fld@menulength=\count129
\Field@Width=\dimen157
\Fld@charsize=\dimen158
Package hyperref Info: Hyper figures OFF on input line 6298.
Package hyperref Info: Link nesting OFF on input line 6303.
Package hyperref Info: Hyper index ON on input line 6306.
Package hyperref Info: backreferencing ON on input line 6311.
Package hyperref Info: Link coloring ON on input line 6316.
Package hyperref Info: Link coloring with OCG OFF on input line 6323.
Package hyperref Info: PDF/A mode OFF on input line 6328.
LaTeX Info: Redefining \ref on input line 6368.
LaTeX Info: Redefining \pageref on input line 6372.
\Hy@abspage=\count130
\c@Item=\count131
\c@Hfootnote=\count132
)

Package hyperref Message: Driver: hpdftex.

(/usr/local/texlive/2016/texmf-dist/tex/latex/hyperref/hpdftex.def
File: hpdftex.def 2016/05/05 v6.83n Hyperref driver for pdfTeX
\Fld@listcount=\count133
\c@bookmark@seq@number=\count134
\Hy@SectionHShift=\skip48
)
(/usr/local/texlive/2016/texmf-dist/tex/latex/fancyhdr/fancyhdr.sty
\fancy@headwidth=\skip49
\f@ncyO@elh=\skip50
\f@ncyO@erh=\skip51
\f@ncyO@olh=\skip52
\f@ncyO@orh=\skip53
\f@ncyO@elf=\skip54
\f@ncyO@erf=\skip55
\f@ncyO@olf=\skip56
\f@ncyO@orf=\skip57
)
(/usr/local/texlive/2016/texmf-dist/tex/latex/lastpage/lastpage.sty
Package: lastpage 2015/03/29 v1.2m Refers to last page's name (HMM; JPG)
)
(/usr/local/texlive/2016/texmf-dist/tex/latex/natbib/natbib.sty
Package: natbib 2010/09/13 8.31b (PWD, AO)
\bibhang=\skip58
\bibsep=\skip59
LaTeX Info: Redefining \cite on input line 694.
\c@NAT@ctr=\count135
)
(/usr/local/texlive/2016/texmf-dist/tex/latex/tools/array.sty
Package: array 2014/10/28 v2.4c Tabular extension package (FMi)
\col@sep=\dimen159
\extrarowheight=\dimen160
\NC@list=\toks33
\extratabsurround=\skip60
\backup@length=\skip61
)
(/usr/local/texlive/2016/texmf-dist/tex/latex/colortbl/colortbl.sty
Package: colortbl 2012/02/13 v1.0a Color table columns (DPC)
\everycr=\toks34
\minrowclearance=\skip62
)
(/usr/local/texlive/2016/texmf-dist/tex/latex/tools/longtable.sty
Package: longtable 2014/10/28 v4.11 Multi-page Table package (DPC)
\LTleft=\skip63
\LTright=\skip64
\LTpre=\skip65
\LTpost=\skip66
\LTchunksize=\count136
\LTcapwidth=\dimen161
\LT@head=\box45
\LT@firsthead=\box46
\LT@foot=\box47
\LT@lastfoot=\box48
\LT@cols=\count137
\LT@rows=\count138
\c@LT@tables=\count139
\c@LT@chunks=\count140
\LT@p@ftn=\toks35
)
(./wfirst_sit_hls_cosmology_annual_report_april17.aux

LaTeX Warning: Label `sec:wl_calibration' multiply defined.


LaTeX Warning: Label `fi:lsst1' multiply defined.


LaTeX Warning: Label `fi:lsst1' multiply defined.


LaTeX Warning: Label `fi:lsst1' multiply defined.


LaTeX Warning: Label `fi:lsst1' multiply defined.


LaTeX Warning: Label `fi:lsst1' multiply defined.


LaTeX Warning: Label `fi:lsst1' multiply defined.


LaTeX Warning: Label `fi:lsst1' multiply defined.


LaTeX Warning: Label `fi:lsst1' multiply defined.

)
\openout1 = `wfirst_sit_hls_cosmology_annual_report_april17.aux'.

LaTeX Font Info:    Checking defaults for OML/cmm/m/it on input line 126.
LaTeX Font Info:    ... okay on input line 126.
LaTeX Font Info:    Checking defaults for T1/cmr/m/n on input line 126.
LaTeX Font Info:    ... okay on input line 126.
LaTeX Font Info:    Checking defaults for OT1/cmr/m/n on input line 126.
LaTeX Font Info:    ... okay on input line 126.
LaTeX Font Info:    Checking defaults for OMS/cmsy/m/n on input line 126.
LaTeX Font Info:    ... okay on input line 126.
LaTeX Font Info:    Checking defaults for OMX/cmex/m/n on input line 126.
LaTeX Font Info:    ... okay on input line 126.
LaTeX Font Info:    Checking defaults for U/cmr/m/n on input line 126.
LaTeX Font Info:    ... okay on input line 126.
LaTeX Font Info:    Checking defaults for TS1/cmr/m/n on input line 126.
LaTeX Font Info:    ... okay on input line 126.
LaTeX Font Info:    Checking defaults for PD1/pdf/m/n on input line 126.
LaTeX Font Info:    ... okay on input line 126.
 (/usr/local/texlive/2016/texmf-dist/tex/context/base/mkii/supp-pdf.mkii
[Loading MPS to PDF converter (version 2006.09.02).]
\scratchcounter=\count141
\scratchdimen=\dimen162
\scratchbox=\box49
\nofMPsegments=\count142
\nofMParguments=\count143
\everyMPshowfont=\toks36
\MPscratchCnt=\count144
\MPscratchDim=\dimen163
\MPnumerator=\count145
\makeMPintoPDFobject=\count146
\everyMPtoPDFconversion=\toks37
) (/usr/local/texlive/2016/texmf-dist/tex/latex/oberdiek/epstopdf-base.sty
Package: epstopdf-base 2016/05/15 v2.6 Base part for package epstopdf

(/usr/local/texlive/2016/texmf-dist/tex/latex/oberdiek/grfext.sty
Package: grfext 2016/05/16 v1.2 Manage graphics extensions (HO)
)
Package grfext Info: Graphics extension search list:
(grfext)             [.png,.pdf,.jpg,.mps,.jpeg,.jbig2,.jb2,.PNG,.PDF,.JPG,.JPE
G,.JBIG2,.JB2,.eps]
(grfext)             \AppendGraphicsExtensions on input line 456.

(/usr/local/texlive/2016/texmf-dist/tex/latex/latexconfig/epstopdf-sys.cfg
File: epstopdf-sys.cfg 2010/07/13 v1.3 Configuration of (r)epstopdf for TeX Liv
e
))
\AtBeginShipoutBox=\box50

(/usr/local/texlive/2016/texmf-dist/tex/latex/oberdiek/pdflscape.sty
Package: pdflscape 2016/05/14 v0.11 Display of landscape pages in PDF (HO)

(/usr/local/texlive/2016/texmf-dist/tex/latex/graphics/lscape.sty
Package: lscape 2000/10/22 v3.01 Landscape Pages (DPC)
)
Package pdflscape Info: Auto-detected driver: pdftex on input line 81.
)
ABD: EveryShipout initializing macros
Package backref Info: ** backref set up for natbib ** on input line 126.
Package hyperref Info: Link coloring ON on input line 126.

(/usr/local/texlive/2016/texmf-dist/tex/latex/hyperref/nameref.sty
Package: nameref 2012/10/27 v2.43 Cross-referencing by name of section

(/usr/local/texlive/2016/texmf-dist/tex/generic/oberdiek/gettitlestring.sty
Package: gettitlestring 2016/05/16 v1.5 Cleanup title references (HO)
)
\c@section@level=\count147
)
LaTeX Info: Redefining \ref on input line 126.
LaTeX Info: Redefining \pageref on input line 126.
LaTeX Info: Redefining \nameref on input line 126.

(./wfirst_sit_hls_cosmology_annual_report_april17.out)
(./wfirst_sit_hls_cosmology_annual_report_april17.out)
\@outlinefile=\write6
\openout6 = `wfirst_sit_hls_cosmology_annual_report_april17.out'.

Package lastpage Info: Please have a look at the pageslts package at
(lastpage)             https://www.ctan.org/pkg/pageslts
(lastpage)             ! on input line 126.

<Plots/WFIRSTProposalCover_AnnualReport2017.jpg, id=167, 2559.5625pt x 3312.375
pt>
File: Plots/WFIRSTProposalCover_AnnualReport2017.jpg Graphic file (type jpg)
 <use Plots/WFIRSTProposalCover_AnnualReport2017.jpg>
Package pdftex.def Info: Plots/WFIRSTProposalCover_AnnualReport2017.jpg used on
 input line 133.
(pdftex.def)             Requested size: 2559.55629pt x 3312.36697pt.
File: Plots/WFIRSTProposalCover_AnnualReport2017.jpg Graphic file (type jpg)

<use Plots/WFIRSTProposalCover_AnnualReport2017.jpg>
Package pdftex.def Info: Plots/WFIRSTProposalCover_AnnualReport2017.jpg used on
 input line 133.
(pdftex.def)             Requested size: 2559.55629pt x 3312.36697pt.
File: Plots/WFIRSTProposalCover_AnnualReport2017.jpg Graphic file (type jpg)

<use Plots/WFIRSTProposalCover_AnnualReport2017.jpg>
Package pdftex.def Info: Plots/WFIRSTProposalCover_AnnualReport2017.jpg used on
 input line 133.
(pdftex.def)             Requested size: 2559.55629pt x 3312.36697pt.
File: Plots/WFIRSTProposalCover_AnnualReport2017.jpg Graphic file (type jpg)

<use Plots/WFIRSTProposalCover_AnnualReport2017.jpg>
Package pdftex.def Info: Plots/WFIRSTProposalCover_AnnualReport2017.jpg used on
 input line 133.
(pdftex.def)             Requested size: 614.34662pt x 795.0368pt.
File: Plots/WFIRSTProposalCover_AnnualReport2017.jpg Graphic file (type jpg)

<use Plots/WFIRSTProposalCover_AnnualReport2017.jpg>
Package pdftex.def Info: Plots/WFIRSTProposalCover_AnnualReport2017.jpg used on
 input line 133.
(pdftex.def)             Requested size: 614.34662pt x 795.0368pt.
File: Plots/WFIRSTProposalCover_AnnualReport2017.jpg Graphic file (type jpg)

<use Plots/WFIRSTProposalCover_AnnualReport2017.jpg>
Package pdftex.def Info: Plots/WFIRSTProposalCover_AnnualReport2017.jpg used on
 input line 133.
(pdftex.def)             Requested size: 614.34662pt x 795.0368pt.
File: Plots/WFIRSTProposalCover_AnnualReport2017.jpg Graphic file (type jpg)

<use Plots/WFIRSTProposalCover_AnnualReport2017.jpg>
Package pdftex.def Info: Plots/WFIRSTProposalCover_AnnualReport2017.jpg used on
 input line 133.
(pdftex.def)             Requested size: 614.34662pt x 795.0368pt.
 [1

 <./Plots/WFIRSTProposalCover_AnnualReport2017.jpg>] (./bib_macros.tex)
(./wfirst_sit_hls_cosmology_annual_report_april17.toc
LaTeX Font Info:    Calculating math sizes for size <11> on input line 4.
LaTeX Font Info:    Try loading font information for U+msa on input line 4.

(/usr/local/texlive/2016/texmf-dist/tex/latex/amsfonts/umsa.fd
File: umsa.fd 2013/01/14 v3.01 AMS symbols A
)
LaTeX Font Info:    Try loading font information for U+msb on input line 4.

(/usr/local/texlive/2016/texmf-dist/tex/latex/amsfonts/umsb.fd
File: umsb.fd 2013/01/14 v3.01 AMS symbols B
) [1{/usr/local/texlive/2016/texmf-var/fonts/map/pdftex/updmap/pdftex.map}

])
\tf@toc=\write7
\openout7 = `wfirst_sit_hls_cosmology_annual_report_april17.toc'.

 [2]
(./section_executive-summary.texpdfTeX warning (ext4): destination with the sam
e identifier (name{page.1}) has been already used, duplicate ignored
<to be read again> 
                   \relax 
l.73 
      [1]
LaTeX Font Info:    Try loading font information for OMS+cmr on input line 89.
 (/usr/local/texlive/2016/texmf-dist/tex/latex/base/omscmr.fd
File: omscmr.fd 2014/09/29 v2.5h Standard LaTeX font definitions
)
LaTeX Font Info:    Font shape `OMS/cmr/m/n' in size <11> not available
(Font)              Font shape `OMS/cmsy/m/n' tried instead on input line 89.


LaTeX Warning: Reference `sec:reqt_philosophy' on page 2 undefined on input lin
e 96.


LaTeX Warning: Reference `sec:mgt' on page 2 undefined on input line 101.

) (./section_deliverables.tex

LaTeX Warning: Reference `sec:reqt_philosophy' on page 2 undefined on input lin
e 8.

[2] [3]) (./section_wl_gal-clusters.tex [4] [5]
<Plots/polarization-selection.pdf, id=315, 303.6939pt x 246.59236pt>
File: Plots/polarization-selection.pdf Graphic file (type pdf)

<use Plots/polarization-selection.pdf>
Package pdftex.def Info: Plots/polarization-selection.pdf used on input line 20
0.
(pdftex.def)             Requested size: 361.34999pt x 293.41089pt.
 [6] [7 <./Plots/polarization-selection.pdf>] <Plots/slew_compare.pdf, id=386, 
361.35pt x 252.945pt>
File: Plots/slew_compare.pdf Graphic file (type pdf)

<use Plots/slew_compare.pdf>
Package pdftex.def Info: Plots/slew_compare.pdf used on input line 255.
(pdftex.def)             Requested size: 361.34999pt x 252.94823pt.
 <Plots/sp_cdf.pdf, id=387, 361.35pt x 252.945pt>
File: Plots/sp_cdf.pdf Graphic file (type pdf)

<use Plots/sp_cdf.pdf>
Package pdftex.def Info: Plots/sp_cdf.pdf used on input line 269.
(pdftex.def)             Requested size: 361.34999pt x 252.94823pt.
 [8] [9 <./Plots/slew_compare.pdf>] [10 <./Plots/sp_cdf.pdf>]

Package natbib Warning: Citation `Bernstein2002' on page 11 undefined on input 
line 281.

<Plots/slew_results_oct16.pdf, id=422, 722.7pt x 542.025pt>
File: Plots/slew_results_oct16.pdf Graphic file (type pdf)

<use Plots/slew_results_oct16.pdf>
Package pdftex.def Info: Plots/slew_results_oct16.pdf used on input line 286.
(pdftex.def)             Requested size: 361.34999pt x 271.01183pt.
 [11] [12 <./Plots/slew_results_oct16.pdf>]
[13] <Plots/hcalfig.pdf, id=502, 361.35pt x 252.945pt>
File: Plots/hcalfig.pdf Graphic file (type pdf)
 <use Plots/hcalfig.pdf>
Package pdftex.def Info: Plots/hcalfig.pdf used on input line 337.
(pdftex.def)             Requested size: 325.215pt x 227.65225pt.

[14] [15 <./Plots/hcalfig.pdf>]
<Plots/kernel-17940B.pdf, id=524, 722.7pt x 361.35pt>
File: Plots/kernel-17940B.pdf Graphic file (type pdf)

<use Plots/kernel-17940B.pdf>
Package pdftex.def Info: Plots/kernel-17940B.pdf used on input line 350.
(pdftex.def)             Requested size: 448.07378pt x 224.04019pt.
Package epstopdf Info: Source file: <./plots/wfirst_color_dist.eps>
(epstopdf)                    date: 2017-05-30 14:56:27
(epstopdf)                    size: 27590 bytes
(epstopdf)             Output file: <./plots/wfirst_color_dist-eps-converted-to
.pdf>
(epstopdf)                    date: 2017-05-31 17:07:59
(epstopdf)                    size: 18555 bytes
(epstopdf)             Command: <epstopdf --outfile=./plots/wfirst_color_dist-e
ps-converted-to.pdf ./plots/wfirst_color_dist.eps>
(epstopdf)             \includegraphics on input line 359.
Package epstopdf Info: Output file is already uptodate.

<./plots/wfirst_color_dist-eps-converted-to.pdf, id=525, 508.90125pt x 714.67pt
>
File: ./plots/wfirst_color_dist-eps-converted-to.pdf Graphic file (type pdf)
 <use ./plots/wfirst_color_dist-eps-converted-to.pdf>
Package pdftex.def Info: ./plots/wfirst_color_dist-eps-converted-to.pdf used on
 input line 359.
(pdftex.def)             Requested size: 211.3883pt x 296.86604pt.


Package natbib Warning: Author undefined for citation`stickley2016' 
(natbib)                on page 16 on input line 367.


Package natbib Warning: Author undefined for citation`stickley2016' 
(natbib)                on page 16 on input line 367.

[16 <./Plots/kernel-17940B.pdf>] [17 <./plots/wfirst_color_dist-eps-converted-t
o.pdf>]
Package epstopdf Info: Source file: <./plots/filters.eps>
(epstopdf)                    date: 2017-05-30 18:34:06
(epstopdf)                    size: 48281 bytes
(epstopdf)             Output file: <./plots/filters-eps-converted-to.pdf>
(epstopdf)                    date: 2017-05-31 17:07:59
(epstopdf)                    size: 33221 bytes
(epstopdf)             Command: <epstopdf --outfile=./plots/filters-eps-convert
ed-to.pdf ./plots/filters.eps>
(epstopdf)             \includegraphics on input line 374.
Package epstopdf Info: Output file is already uptodate.
 <./plots/filters-eps-converted-to.pdf, id=631, 650.43pt x 361.35pt>
File: ./plots/filters-eps-converted-to.pdf Graphic file (type pdf)

<use ./plots/filters-eps-converted-to.pdf>
Package pdftex.def Info: ./plots/filters-eps-converted-to.pdf used on input lin
e 374.
(pdftex.def)             Requested size: 234.87749pt x 130.4884pt.


Package natbib Warning: Author undefined for citation`stickley2016' 
(natbib)                on page 18 on input line 380.


Package natbib Warning: Author undefined for citation`Guo2013' 
(natbib)                on page 18 on input line 390.


Package natbib Warning: Author undefined for citation`Stefanon2017' 
(natbib)                on page 18 on input line 390.


Package natbib Warning: Author undefined for citation`Galametz2013' 
(natbib)                on page 18 on input line 390.


Package natbib Warning: Author undefined for citation`Nayyeri2017' 
(natbib)                on page 18 on input line 390.


Overfull \hbox (74.18585pt too wide) in paragraph at lines 386--407
 [][] 
 []

<./plots/histogram_wfirst_notEuclid.png, id=641, 794.97pt x 289.08pt>
File: ./plots/histogram_wfirst_notEuclid.png Graphic file (type png)

<use ./plots/histogram_wfirst_notEuclid.png>
Package pdftex.def Info: ./plots/histogram_wfirst_notEuclid.png used on input l
ine 412.
(pdftex.def)             Requested size: 446.2658pt x 162.28067pt.
Package epstopdf Info: Source file: <./plots/redshift_magnitude.eps>
(epstopdf)                    date: 2017-05-26 07:20:18
(epstopdf)                    size: 1205872 bytes
(epstopdf)             Output file: <./plots/redshift_magnitude-eps-converted-t
o.pdf>
(epstopdf)                    date: 2017-05-31 17:08:00
(epstopdf)                    size: 158063 bytes
(epstopdf)             Command: <epstopdf --outfile=./plots/redshift_magnitude-
eps-converted-to.pdf ./plots/redshift_magnitude.eps>
(epstopdf)             \includegraphics on input line 419.
Package epstopdf Info: Output file is already uptodate.

<./plots/redshift_magnitude-eps-converted-to.pdf, id=646, 578.16pt x 578.16pt>
File: ./plots/redshift_magnitude-eps-converted-to.pdf Graphic file (type pdf)

<use ./plots/redshift_magnitude-eps-converted-to.pdf>
Package pdftex.def Info: ./plots/redshift_magnitude-eps-converted-to.pdf used o
n input line 419.
(pdftex.def)             Requested size: 446.2658pt x 446.26086pt.
 [18 <./plots/filters-eps-converted-to.pdf>]
<./plots/SOM_WFIRST_EUCLID.png, id=731, 794.97pt x 433.62pt>
File: ./plots/SOM_WFIRST_EUCLID.png Graphic file (type png)

<use ./plots/SOM_WFIRST_EUCLID.png>
Package pdftex.def Info: ./plots/SOM_WFIRST_EUCLID.png used on input line 428.
(pdftex.def)             Requested size: 460.35788pt x 251.1094pt.

<./plots/realspec.png, id=741, 389.2944pt x 106.4778pt>
File: ./plots/realspec.png Graphic file (type png)

<use ./plots/realspec.png>
Package pdftex.def Info: ./plots/realspec.png used on input line 437.
(pdftex.def)             Requested size: 211.3883pt x 57.81883pt.
 <./plots/simspec.png, id=743, 722.7pt x 277.9986pt>
File: ./plots/simspec.png Graphic file (type png)

<use ./plots/simspec.png>
Package pdftex.def Info: ./plots/simspec.png used on input line 438.
(pdftex.def)             Requested size: 211.3883pt x 81.31319pt.
 [19 <./plots/histogram_wfirst_notEuclid.png>]
[20 <./plots/redshift_magnitude-eps-converted-to.pdf>] [21 <./plots/SOM_WFIRST_
EUCLID.png> <./plots/realspec.png> <./plots/simspec.png>]
Overfull \hbox (1.99367pt too wide) in paragraph at lines 452--452
|[]\OT1/cmr/bx/n/12 Cosmological Fore-cast-ing, Sim-u-la-tions, and Method-ol-o
gy De-vel-op-ment (D2,
 []


Package natbib Warning: Citation `Krause2015' on page 22 undefined on input lin
e 493.


LaTeX Warning: Reference `sec:fac_equip' on page 22 undefined on input line 551
.

[22] <Plots/WFIRST_combi_forecasts.pdf, id=839, 939.51pt x 289.08pt>
File: Plots/WFIRST_combi_forecasts.pdf Graphic file (type pdf)

<use Plots/WFIRST_combi_forecasts.pdf>
Package pdftex.def Info: Plots/WFIRST_combi_forecasts.pdf used on input line 57
0.
(pdftex.def)             Requested size: 462.955pt x 142.44882pt.


Package natbib Warning: Citation `Krause2015' on page 23 undefined on input lin
e 585.


Package natbib Warning: Citation `Krause2015' on page 23 undefined on input lin
e 585.

[23 <./Plots/WFIRST_combi_forecasts.pdf>]

Package natbib Warning: Citation `Eifler2014' on page 24 undefined on input lin
e 693.


Package natbib Warning: Citation `Krause2015' on page 24 undefined on input lin
e 693.


Package natbib Warning: Citation `Eifler2014' on page 24 undefined on input lin
e 697.

[24]) (./section_galaxy_clustering.tex [25] [26]
Missing character: There is no ï in font cmr10!
Missing character: There is no ¿ in font cmr10!
Missing character: There is no ½ in font cmr10!
 [27]
<Plots/size_zbin.pdf, id=954, 369.42233pt x 374.52109pt>
File: Plots/size_zbin.pdf Graphic file (type pdf)

<use Plots/size_zbin.pdf>
Package pdftex.def Info: Plots/size_zbin.pdf used on input line 213.
(pdftex.def)             Requested size: 252.94499pt x 256.44254pt.


LaTeX Warning: Command \r invalid in math mode on input line 261.

[28]

LaTeX Warning: Command \r invalid in math mode on input line 279.


LaTeX Warning: Command \r invalid in math mode on input line 279.

[29 <./Plots/size_zbin.pdf>] [30] [31]
Overfull \hbox (32.01675pt too wide) in paragraph at lines 447--451
[]\OT1/cmr/m/n/11 The spec-tro-scopic sam-ple for the GRS is ex-pected to be de
-fined by a line flux limit of 10$[] $erg$ $s$[]$cm$[]$.
 []

[32] [33]
Missing character: There is no Â in font cmr10!
Missing character: There is no ­ in font cmr10!
Missing character: There is no Â in font cmr10!
Missing character: There is no ­ in font cmr10!

<Plots/GRS_req_1July2016_v3_P6fig.pdf, id=1020, 614.295pt x 794.97pt>
File: Plots/GRS_req_1July2016_v3_P6fig.pdf Graphic file (type pdf)

<use Plots/GRS_req_1July2016_v3_P6fig.pdf>
Package pdftex.def Info: Plots/GRS_req_1July2016_v3_P6fig.pdf used on input lin
e 628.
(pdftex.def)             Requested size: 505.89pt x 654.69385pt.

Overfull \hbox (36.13501pt too wide) in paragraph at lines 628--636
[][]
 []

[34 <./Plots/GRS_req_1July2016_v3_P6fig.pdf>] [35] [36]
(./subsection_galaxy_clustering_requirement_simulation.tex [37] [38] [39])
[40] [41]
<Plots/merson17LightconeHalphaCumulativeCounts.pdf, id=1190, 340.67274pt x 339.
66899pt>
File: Plots/merson17LightconeHalphaCumulativeCounts.pdf Graphic file (type pdf)

 <use Plots/merson17LightconeHalphaCumulativeCounts.pdf>
Package pdftex.def Info: Plots/merson17LightconeHalphaCumulativeCounts.pdf used
 on input line 1046.
(pdftex.def)             Requested size: 252.94499pt x 252.19592pt.
 [42] [43 <./Plots/merson17LightconeHalphaCumulativeCounts.pdf>]
Overfull \hbox (1.26762pt too wide) in paragraph at lines 1127--1147
 [][] 
 []

[44] (./subsection_clustering_sys.tex)) (./section_forecast.tex [45]

Package natbib Warning: Citation `The DES Collaboration 2016' on page 46 undefi
ned on input line 30.


Package natbib Warning: Citation `Eifler2014' on page 46 undefined on input lin
e 30.


./section_forecast.tex:33: LaTeX Error: File `Plots/forecasts/cosmolike_codestr
uct' not found.

See the LaTeX manual or LaTeX Companion for explanation.
Type  H <return>  for immediate help.
 ...                                              
                                                  
l.33 ...0cm]{Plots/forecasts/cosmolike_codestruct}
                                                  
? 
[46] <Plots/forecasts/forecast_1.pdf, id=1371, 571.83179pt x 422.00685pt>
File: Plots/forecasts/forecast_1.pdf Graphic file (type pdf)

<use Plots/forecasts/forecast_1.pdf>
Package pdftex.def Info: Plots/forecasts/forecast_1.pdf used on input line 61.
(pdftex.def)             Requested size: 227.62204pt x 167.98195pt.

<Plots/forecasts/forecast_2.pdf, id=1372, 567.5253pt x 419.8608pt>
File: Plots/forecasts/forecast_2.pdf Graphic file (type pdf)

<use Plots/forecasts/forecast_2.pdf>
Package pdftex.def Info: Plots/forecasts/forecast_2.pdf used on input line 62.
(pdftex.def)             Requested size: 227.62204pt x 168.39621pt.
 [47 <./Plots/forecasts/forecast_1.pdf> <./Plots/forecasts/forecast_2.pdf>]

LaTeX Warning: File `Plots/forecasts/WFIRST_no_sys.eps' not found on input line
 79.

Package epstopdf Info: Source file: <Plots/forecasts/WFIRST_no_sys.eps>
(epstopdf)             Output file: <Plots/forecasts/WFIRST_no_sys-eps-converte
d-to.pdf>
(epstopdf)                    date: 2017-05-30 15:39:57
(epstopdf)                    size: 42444 bytes
(epstopdf)             Command: <epstopdf --outfile=Plots/forecasts/WFIRST_no_s
ys-eps-converted-to.pdf Plots/forecasts/WFIRST_no_sys.eps>
(epstopdf)             \includegraphics on input line 79.
Package epstopdf Info: Output file is already uptodate.

<Plots/forecasts/WFIRST_no_sys-eps-converted-to.pdf, id=1413, 1228.59pt x 939.5
1pt>
File: Plots/forecasts/WFIRST_no_sys-eps-converted-to.pdf Graphic file (type pdf
)
 <use Plots/forecasts/WFIRST_no_sys-eps-converted-to.pdf>
Package pdftex.def Info: Plots/forecasts/WFIRST_no_sys-eps-converted-to.pdf use
d on input line 79.
(pdftex.def)             Requested size: 483.69684pt x 369.891pt.

Overfull \hbox (13.94185pt too wide) in paragraph at lines 79--80
[][] 
 []


LaTeX Warning: File `Plots/forecasts/WFIRST_shear.eps' not found on input line 
85.

Package epstopdf Info: Source file: <Plots/forecasts/WFIRST_shear.eps>
(epstopdf)             Output file: <Plots/forecasts/WFIRST_shear-eps-converted
-to.pdf>
(epstopdf)                    date: 2017-05-30 15:39:57
(epstopdf)                    size: 70968 bytes
(epstopdf)             Command: <epstopdf --outfile=Plots/forecasts/WFIRST_shea
r-eps-converted-to.pdf Plots/forecasts/WFIRST_shear.eps>
(epstopdf)             \includegraphics on input line 85.
Package epstopdf Info: Output file is already uptodate.

<Plots/forecasts/WFIRST_shear-eps-converted-to.pdf, id=1414, 1228.59pt x 939.51
pt>
File: Plots/forecasts/WFIRST_shear-eps-converted-to.pdf Graphic file (type pdf)

 <use Plots/forecasts/WFIRST_shear-eps-converted-to.pdf>
Package pdftex.def Info: Plots/forecasts/WFIRST_shear-eps-converted-to.pdf used
 on input line 85.
(pdftex.def)             Requested size: 483.69684pt x 369.891pt.

Overfull \hbox (13.94185pt too wide) in paragraph at lines 85--86
[][] 
 []


LaTeX Warning: File `Plots/forecasts/WFIRST_photo.eps' not found on input line 
91.

Package epstopdf Info: Source file: <Plots/forecasts/WFIRST_photo.eps>
(epstopdf)             Output file: <Plots/forecasts/WFIRST_photo-eps-converted
-to.pdf>
(epstopdf)                    date: 2017-05-30 15:39:57
(epstopdf)                    size: 70322 bytes
(epstopdf)             Command: <epstopdf --outfile=Plots/forecasts/WFIRST_phot
o-eps-converted-to.pdf Plots/forecasts/WFIRST_photo.eps>
(epstopdf)             \includegraphics on input line 91.
Package epstopdf Info: Output file is already uptodate.

<Plots/forecasts/WFIRST_photo-eps-converted-to.pdf, id=1415, 1228.59pt x 939.51
pt>
File: Plots/forecasts/WFIRST_photo-eps-converted-to.pdf Graphic file (type pdf)

 <use Plots/forecasts/WFIRST_photo-eps-converted-to.pdf>
Package pdftex.def Info: Plots/forecasts/WFIRST_photo-eps-converted-to.pdf used
 on input line 91.
(pdftex.def)             Requested size: 483.69684pt x 369.891pt.

Overfull \hbox (13.94185pt too wide) in paragraph at lines 91--92
[][] 
 []


LaTeX Warning: File `Plots/forecasts/WFIRST_obs_sys.eps' not found on input lin
e 97.

Package epstopdf Info: Source file: <Plots/forecasts/WFIRST_obs_sys.eps>
(epstopdf)             Output file: <Plots/forecasts/WFIRST_obs_sys-eps-convert
ed-to.pdf>
(epstopdf)                    date: 2017-05-30 15:39:57
(epstopdf)                    size: 70652 bytes
(epstopdf)             Command: <epstopdf --outfile=Plots/forecasts/WFIRST_obs_
sys-eps-converted-to.pdf Plots/forecasts/WFIRST_obs_sys.eps>
(epstopdf)             \includegraphics on input line 97.
Package epstopdf Info: Output file is already uptodate.

<Plots/forecasts/WFIRST_obs_sys-eps-converted-to.pdf, id=1416, 1228.59pt x 939.
51pt>
File: Plots/forecasts/WFIRST_obs_sys-eps-converted-to.pdf Graphic file (type pd
f)
 <use Plots/forecasts/WFIRST_obs_sys-eps-converted-to.pdf>
Package pdftex.def Info: Plots/forecasts/WFIRST_obs_sys-eps-converted-to.pdf us
ed on input line 97.
(pdftex.def)             Requested size: 483.69684pt x 369.891pt.

Overfull \hbox (13.94185pt too wide) in paragraph at lines 97--98
[][] 
 []


LaTeX Warning: File `Plots/forecasts/WFIRST_baryons.eps' not found on input lin
e 103.

Package epstopdf Info: Source file: <Plots/forecasts/WFIRST_baryons.eps>
(epstopdf)             Output file: <Plots/forecasts/WFIRST_baryons-eps-convert
ed-to.pdf>
(epstopdf)                    date: 2017-05-30 15:39:57
(epstopdf)                    size: 73223 bytes
(epstopdf)             Command: <epstopdf --outfile=Plots/forecasts/WFIRST_bary
ons-eps-converted-to.pdf Plots/forecasts/WFIRST_baryons.eps>
(epstopdf)             \includegraphics on input line 103.
Package epstopdf Info: Output file is already uptodate.

<Plots/forecasts/WFIRST_baryons-eps-converted-to.pdf, id=1417, 1228.59pt x 939.
51pt>
File: Plots/forecasts/WFIRST_baryons-eps-converted-to.pdf Graphic file (type pd
f)
 <use Plots/forecasts/WFIRST_baryons-eps-converted-to.pdf>
Package pdftex.def Info: Plots/forecasts/WFIRST_baryons-eps-converted-to.pdf us
ed on input line 103.
(pdftex.def)             Requested size: 483.69684pt x 369.891pt.

Overfull \hbox (13.94185pt too wide) in paragraph at lines 103--104
[][] 
 []


LaTeX Warning: File `Plots/forecasts/WFIRST_ia.eps' not found on input line 109
.

Package epstopdf Info: Source file: <Plots/forecasts/WFIRST_ia.eps>
(epstopdf)             Output file: <Plots/forecasts/WFIRST_ia-eps-converted-to
.pdf>
(epstopdf)                    date: 2017-05-30 15:39:57
(epstopdf)                    size: 71221 bytes
(epstopdf)             Command: <epstopdf --outfile=Plots/forecasts/WFIRST_ia-e
ps-converted-to.pdf Plots/forecasts/WFIRST_ia.eps>
(epstopdf)             \includegraphics on input line 109.
Package epstopdf Info: Output file is already uptodate.

<Plots/forecasts/WFIRST_ia-eps-converted-to.pdf, id=1418, 1228.59pt x 939.51pt>
File: Plots/forecasts/WFIRST_ia-eps-converted-to.pdf Graphic file (type pdf)
<use Plots/forecasts/WFIRST_ia-eps-converted-to.pdf>
Package pdftex.def Info: Plots/forecasts/WFIRST_ia-eps-converted-to.pdf used on
 input line 109.
(pdftex.def)             Requested size: 483.69684pt x 369.891pt.

Overfull \hbox (13.94185pt too wide) in paragraph at lines 109--110
[][] 
 []


LaTeX Warning: File `Plots/forecasts/WFIRST_bary_impact.eps' not found on input
 line 117.

Package epstopdf Info: Source file: <Plots/forecasts/WFIRST_bary_impact.eps>
(epstopdf)             Output file: <Plots/forecasts/WFIRST_bary_impact-eps-con
verted-to.pdf>
(epstopdf)                    date: 2017-05-30 15:39:57
(epstopdf)                    size: 67920 bytes
(epstopdf)             Command: <epstopdf --outfile=Plots/forecasts/WFIRST_bary
_impact-eps-converted-to.pdf Plots/forecasts/WFIRST_bary_impact.eps>
(epstopdf)             \includegraphics on input line 117.
Package epstopdf Info: Output file is already uptodate.

<Plots/forecasts/WFIRST_bary_impact-eps-converted-to.pdf, id=1419, 1228.59pt x 
939.51pt>
File: Plots/forecasts/WFIRST_bary_impact-eps-converted-to.pdf Graphic file (typ
e pdf)
 <use Plots/forecasts/WFIRST_bary_impact-eps-converted-to.pdf>
Package pdftex.def Info: Plots/forecasts/WFIRST_bary_impact-eps-converted-to.pd
f used on input line 117.
(pdftex.def)             Requested size: 483.69684pt x 369.891pt.

Overfull \hbox (13.94185pt too wide) in paragraph at lines 117--118
[][] 
 []


LaTeX Warning: File `Plots/forecasts/WFIRST_bary_miti.eps' not found on input l
ine 123.

Package epstopdf Info: Source file: <Plots/forecasts/WFIRST_bary_miti.eps>
(epstopdf)             Output file: <Plots/forecasts/WFIRST_bary_miti-eps-conve
rted-to.pdf>
(epstopdf)                    date: 2017-05-30 15:39:57
(epstopdf)                    size: 44507 bytes
(epstopdf)             Command: <epstopdf --outfile=Plots/forecasts/WFIRST_bary
_miti-eps-converted-to.pdf Plots/forecasts/WFIRST_bary_miti.eps>
(epstopdf)             \includegraphics on input line 123.
Package epstopdf Info: Output file is already uptodate.

<Plots/forecasts/WFIRST_bary_miti-eps-converted-to.pdf, id=1420, 1228.59pt x 93
9.51pt>
File: Plots/forecasts/WFIRST_bary_miti-eps-converted-to.pdf Graphic file (type 
pdf)
 <use Plots/forecasts/WFIRST_bary_miti-eps-converted-to.pdf>
Package pdftex.def Info: Plots/forecasts/WFIRST_bary_miti-eps-converted-to.pdf 
used on input line 123.
(pdftex.def)             Requested size: 483.69684pt x 369.891pt.

Overfull \hbox (13.94185pt too wide) in paragraph at lines 123--124
[][] 
 []


<Plots/forecasts/WFIRST_2SNteams_zoom.pdf, id=1421, 409.99739pt x 321.91205pt>
File: Plots/forecasts/WFIRST_2SNteams_zoom.pdf Graphic file (type pdf)

<use Plots/forecasts/WFIRST_2SNteams_zoom.pdf>
Package pdftex.def Info: Plots/forecasts/WFIRST_2SNteams_zoom.pdf used on input
 line 133.
(pdftex.def)             Requested size: 227.62204pt x 178.72224pt.

<Plots/forecasts/WFIRST_extended_MG.pdf, id=1422, 420.06625pt x 319.95943pt>
File: Plots/forecasts/WFIRST_extended_MG.pdf Graphic file (type pdf)

<use Plots/forecasts/WFIRST_extended_MG.pdf>
Package pdftex.def Info: Plots/forecasts/WFIRST_extended_MG.pdf used on input l
ine 134.
(pdftex.def)             Requested size: 227.62204pt x 173.376pt.

<Plots/forecasts/WFIRST_extended.pdf, id=1423, 409.84055pt x 321.91205pt>
File: Plots/forecasts/WFIRST_extended.pdf Graphic file (type pdf)

<use Plots/forecasts/WFIRST_extended.pdf>
Package pdftex.def Info: Plots/forecasts/WFIRST_extended.pdf used on input line
 135.
(pdftex.def)             Requested size: 227.62204pt x 178.791pt.

<Plots/forecasts/WFIRST_ini_vs_multi.pdf, id=1424, 427.8061pt x 321.91205pt>
File: Plots/forecasts/WFIRST_ini_vs_multi.pdf Graphic file (type pdf)

<use Plots/forecasts/WFIRST_ini_vs_multi.pdf>
Package pdftex.def Info: Plots/forecasts/WFIRST_ini_vs_multi.pdf used on input 
line 136.
(pdftex.def)             Requested size: 227.62204pt x 171.2806pt.

<Plots/forecasts/WFIRST_multi_probe.pdf, id=1425, 427.8061pt x 321.91205pt>
File: Plots/forecasts/WFIRST_multi_probe.pdf Graphic file (type pdf)

<use Plots/forecasts/WFIRST_multi_probe.pdf>
Package pdftex.def Info: Plots/forecasts/WFIRST_multi_probe.pdf used on input l
ine 137.
(pdftex.def)             Requested size: 227.62204pt x 171.2806pt.

<Plots/forecasts/WFIRST_shear_vs_MP.pdf, id=1426, 409.8876pt x 313.88203pt>
File: Plots/forecasts/WFIRST_shear_vs_MP.pdf Graphic file (type pdf)

<use Plots/forecasts/WFIRST_shear_vs_MP.pdf>
Package pdftex.def Info: Plots/forecasts/WFIRST_shear_vs_MP.pdf used on input l
ine 138.
(pdftex.def)             Requested size: 227.62204pt x 174.31195pt.

Underfull \hbox (badness 10000) in paragraph at lines 133--139
[][] []
 []


Underfull \hbox (badness 10000) in paragraph at lines 133--139
[] []
 []

) [48 <./Plots/forecasts/WFIRST_no_sys-eps-converted-to.pdf>] [49 <./Plots/fore
casts/WFIRST_shear-eps-converted-to.pdf>] [50 <./Plots/forecasts/WFIRST_photo-e
ps-converted-to.pdf>] [51 <./Plots/forecasts/WFIRST_obs_sys-eps-converted-to.pd
f>] [52 <./Plots/forecasts/WFIRST_baryons-eps-converted-to.pdf>] [53 <./Plots/f
orecasts/WFIRST_ia-eps-converted-to.pdf>] [54 <./Plots/forecasts/WFIRST_bary_im
pact-eps-converted-to.pdf>] [55 <./Plots/forecasts/WFIRST_bary_miti-eps-convert
ed-to.pdf>] [56 <./Plots/forecasts/WFIRST_2SNteams_zoom.pdf> <./Plots/forecasts
/WFIRST_extended_MG.pdf

pdfTeX warning: /Library/TeX/texbin/pdflatex (file ./Plots/forecasts/WFIRST_ext
ended_MG.pdf): PDF inclusion: multiple pdfs with page group included in a singl
e page
> <./Plots/forecasts/WFIRST_extended.pdf

pdfTeX warning: /Library/TeX/texbin/pdflatex (file ./Plots/forecasts/WFIRST_ext
ended.pdf): PDF inclusion: multiple pdfs with page group included in a single p
age
> <./Plots/forecasts/WFIRST_ini_vs_multi.pdf

pdfTeX warning: /Library/TeX/texbin/pdflatex (file ./Plots/forecasts/WFIRST_ini
_vs_multi.pdf): PDF inclusion: multiple pdfs with page group included in a sing
le page
> <./Plots/forecasts/WFIRST_multi_probe.pdf

pdfTeX warning: /Library/TeX/texbin/pdflatex (file ./Plots/forecasts/WFIRST_mul
ti_probe.pdf): PDF inclusion: multiple pdfs with page group included in a singl
e page
> <./Plots/forecasts/WFIRST_shear_vs_MP.pdf

pdfTeX warning: /Library/TeX/texbin/pdflatex (file ./Plots/forecasts/WFIRST_she
ar_vs_MP.pdf): PDF inclusion: multiple pdfs with page group included in a singl
e page
>] (./section_operations_model.tex [57]
<Plots/observing_chart.pdf, id=1850, 497.86pt x 606.265pt>
File: Plots/observing_chart.pdf Graphic file (type pdf)

<use Plots/observing_chart.pdf>
Package pdftex.def Info: Plots/observing_chart.pdf used on input line 46.
(pdftex.def)             Requested size: 474.78752pt x 578.15999pt.

Overfull \hbox (5.03253pt too wide) in paragraph at lines 46--47
[][] 
 []

<Plots/hlsdepth.pdf, id=1851, 361.35004pt x 252.94502pt>
File: Plots/hlsdepth.pdf Graphic file (type pdf)

<use Plots/hlsdepth.pdf>
Package pdftex.def Info: Plots/hlsdepth.pdf used on input line 51.
(pdftex.def)             Requested size: 361.34999pt x 252.94824pt.

<Plots/hlsdust.pdf, id=1852, 361.35004pt x 252.94502pt>
File: Plots/hlsdust.pdf Graphic file (type pdf)

<use Plots/hlsdust.pdf>
Package pdftex.def Info: Plots/hlsdust.pdf used on input line 56.
(pdftex.def)             Requested size: 361.34999pt x 252.94824pt.

<Plots/hlsbright.pdf, id=1853, 361.35004pt x 252.94502pt>
File: Plots/hlsbright.pdf Graphic file (type pdf)

<use Plots/hlsbright.pdf>
Package pdftex.def Info: Plots/hlsbright.pdf used on input line 61.
(pdftex.def)             Requested size: 361.34999pt x 252.94824pt.

<Plots/sky-equ.pdf, id=1854, 530.98375pt x 294.09875pt>
File: Plots/sky-equ.pdf Graphic file (type pdf)

<use Plots/sky-equ.pdf>
Package pdftex.def Info: Plots/sky-equ.pdf used on input line 66.
(pdftex.def)             Requested size: 433.62pt x 240.17526pt.

<Plots/sky-gal.pdf, id=1855, 530.98375pt x 294.09875pt>
File: Plots/sky-gal.pdf Graphic file (type pdf)

<use Plots/sky-gal.pdf>
Package pdftex.def Info: Plots/sky-gal.pdf used on input line 67.
(pdftex.def)             Requested size: 433.62pt x 240.17526pt.

Underfull \hbox (badness 10000) in paragraph at lines 66--68
[][]
 []


LaTeX Warning: Reference `?' on page 58 undefined on input line 73.

[58] [59 <./Plots/observing_chart.pdf>] [60 <./Plots/hlsdepth.pdf> <./Plots/hls
dust.pdf>] [61 <./Plots/hlsbright.pdf>] [62 <./Plots/sky-equ.pdf> <./Plots/sky-
gal.pdf>]

Package natbib Warning: Citation `Pozzetti2015' on page 63 undefined on input l
ine 222.

[63]) (./section_community_engagement.tex) (./section_workplan.tex [64]

LaTeX Warning: Reference `tab:flow' on page 65 undefined on input line 59.

<Plots/wfirst_milestones_v2.pdf, id=1959, 1026.09177pt x 361.37962pt>
File: Plots/wfirst_milestones_v2.pdf Graphic file (type pdf)

<use Plots/wfirst_milestones_v2.pdf>
Package pdftex.def Info: Plots/wfirst_milestones_v2.pdf used on input line 83.
(pdftex.def)             Requested size: 1026.08926pt x 361.37872pt.
LaTeX Font Info:    Font shape `OMS/cmr/m/n' in size <9> not available
(Font)              Font shape `OMS/cmsy/m/n' tried instead on input line 89.

Overfull \hbox (4.78574pt too wide) in paragraph at lines 97--102
[]\OT1/cmr/bx/it/11 Postdocs and Stu-
 []


Overfull \hbox (8.91711pt too wide) in paragraph at lines 97--102
\OT1/cmr/m/n/11 doc-toral re-searchers who
 []


Underfull \hbox (badness 1400) in paragraph at lines 97--102
\OT1/cmr/m/n/11 will work un-der the
 []

[65 <./Plots/wfirst_milestones_v2.pdf>]) [66] (./acronyms.tex
Overfull \hbox (0.9011pt too wide) in paragraph at lines 12--12
[]|\OT1/cmr/m/n/10 NICMOS|  
 []


Overfull \hbox (6.1789pt too wide) in paragraph at lines 50--50
[]|\OT1/cmr/m/n/10 SPHEREx|  
 []


Overfull \hbox (2.42883pt too wide) in paragraph at lines 52--52
[]|\OT1/cmr/m/n/10 eROSITA|  
 []


Overfull \hbox (0.9705pt too wide) in paragraph at lines 66--66
[]|\OT1/cmr/m/n/10 GREAT3|  
 []


Overfull \hbox (0.6233pt too wide) in paragraph at lines 67--67
[]|\OT1/cmr/m/n/10 WFIRST|  
 []


Overfull \hbox (18.51796pt too wide) in paragraph at lines 4--99
[][] 
 []

) [67

] (./wfirst_sit_hls_cosmology_annual_report_april17.bbl
(./wfirst_sit_hls_cosmology_annual_report_april17.brf)
\tf@brf=\write8
\openout8 = `wfirst_sit_hls_cosmology_annual_report_april17.brf'.

 [68

]

LaTeX Warning: Reference `@' on page 69 undefined on input line 86.


Underfull \hbox (badness 1127) in paragraph at lines 115--115
\OT1/cmr/m/n/11 J. Rhodes, T. Schrab-back, J. Shawe-Taylor, M. Shmakova, L. van
 Waer-beke, and
 []

[69]

LaTeX Warning: Reference `@' on page 70 undefined on input line 244.

[70] [71] [72] [73] [74] [75] [76] [77] [78] [79]) [80]

AED: lastpage setting LastPage

Package natbib Warning: There were undefined citations.

Package atveryend Info: Empty hook `BeforeClearDocument' on input line 259.
Package atveryend Info: Empty hook `AfterLastShipout' on input line 259.
(./wfirst_sit_hls_cosmology_annual_report_april17.aux)
Package atveryend Info: Executing hook `AtVeryEndDocument' on input line 259.
Package atveryend Info: Executing hook `AtEndAfterFileList' on input line 259.
Package rerunfilecheck Info: File `wfirst_sit_hls_cosmology_annual_report_april
17.out' has not changed.
(rerunfilecheck)             Checksum: CDCCD236322BBCBDEE09494D4934B1A0;3442.
Package rerunfilecheck Info: File `wfirst_sit_hls_cosmology_annual_report_april
17.brf' has not changed.
(rerunfilecheck)             Checksum: 215823F3D2A082B00133C9C8576BE106;8484.


LaTeX Warning: There were undefined references.


LaTeX Warning: There were multiply-defined labels.

 ) 
Here is how much of TeX's memory you used:
 18783 strings out of 493014
 345036 string characters out of 6133351
 412450 words of memory out of 5000000
 21588 multiletter control sequences out of 15000+600000
 23109 words of font info for 87 fonts, out of 8000000 for 9000
 1141 hyphenation exceptions out of 8191
 54i,18n,73p,1940b,967s stack positions out of 5000i,500n,10000p,200000b,80000s
pdfTeX warning (dest): name{Hfootnote.3} has been referenced but does not exi
st, replaced by a fixed one

</usr/local/texlive/2016/texmf-dist/fonts/type1/public/amsfonts/cm/cmbx10.pfb><
/usr/local/texlive/2016/texmf-dist/fonts/type1/public/amsfonts/cm/cmbx12.pfb></
usr/local/texlive/2016/texmf-dist/fonts/type1/public/amsfonts/cm/cmbx9.pfb></us
r/local/texlive/2016/texmf-dist/fonts/type1/public/amsfonts/cm/cmbxti10.pfb></u
sr/local/texlive/2016/texmf-dist/fonts/type1/public/amsfonts/cm/cmcsc10.pfb></u
sr/local/texlive/2016/texmf-dist/fonts/type1/public/amsfonts/cm/cmex10.pfb></us
r/local/texlive/2016/texmf-dist/fonts/type1/public/amsfonts/cm/cmmi10.pfb></usr
/local/texlive/2016/texmf-dist/fonts/type1/public/amsfonts/cm/cmmi6.pfb></usr/l
ocal/texlive/2016/texmf-dist/fonts/type1/public/amsfonts/cm/cmmi7.pfb></usr/loc
al/texlive/2016/texmf-dist/fonts/type1/public/amsfonts/cm/cmmi8.pfb></usr/local
/texlive/2016/texmf-dist/fonts/type1/public/amsfonts/cm/cmmi9.pfb></usr/local/t
exlive/2016/texmf-dist/fonts/type1/public/amsfonts/cm/cmr10.pfb></usr/local/tex
live/2016/texmf-dist/fonts/type1/public/amsfonts/cm/cmr6.pfb></usr/local/texliv
e/2016/texmf-dist/fonts/type1/public/amsfonts/cm/cmr7.pfb></usr/local/texlive/2
016/texmf-dist/fonts/type1/public/amsfonts/cm/cmr8.pfb></usr/local/texlive/2016
/texmf-dist/fonts/type1/public/amsfonts/cm/cmr9.pfb></usr/local/texlive/2016/te
xmf-dist/fonts/type1/public/amsfonts/cm/cmsy10.pfb></usr/local/texlive/2016/tex
mf-dist/fonts/type1/public/amsfonts/cm/cmsy6.pfb></usr/local/texlive/2016/texmf
-dist/fonts/type1/public/amsfonts/cm/cmsy7.pfb></usr/local/texlive/2016/texmf-d
ist/fonts/type1/public/amsfonts/cm/cmsy8.pfb></usr/local/texlive/2016/texmf-dis
t/fonts/type1/public/amsfonts/cm/cmsy9.pfb></usr/local/texlive/2016/texmf-dist/
fonts/type1/public/amsfonts/cm/cmti10.pfb></usr/local/texlive/2016/texmf-dist/f
onts/type1/public/amsfonts/cm/cmti12.pfb></usr/local/texlive/2016/texmf-dist/fo
nts/type1/public/amsfonts/cm/cmtt10.pfb></usr/local/texlive/2016/texmf-dist/fon
ts/type1/public/amsfonts/cm/cmtt9.pfb></usr/local/texlive/2016/texmf-dist/fonts
/type1/public/amsfonts/symbols/msam10.pfb>
Output written on wfirst_sit_hls_cosmology_annual_report_april17.pdf (83 pages,
 9226711 bytes).
PDF statistics:
 2451 PDF objects out of 2487 (max. 8388607)
 1706 compressed objects within 18 object streams
 307 named destinations out of 1000 (max. 500000)
 584 words of extra memory for PDF output out of 10000 (max. 10000000)

