\BOOKMARK [1][]{section.1}{Executive Summary [Oli: Olivier, 2 pages]}{}% 1
\BOOKMARK [1][]{section.2}{Proposed Deliverables [Oli: Olivier, 4 pages]}{}% 2
\BOOKMARK [1][]{section.3}{Weak Lensing and Cluster Growth Investigation [Oli: Chris, Rachel M, Mike, David W., 15 pages]}{}% 3
\BOOKMARK [2][]{subsection.3.1}{Requirements \(D1, D3, D4, D5\)}{section.3}% 4
\BOOKMARK [3][]{subsubsection.3.1.1}{Polarization effects}{subsection.3.1}% 5
\BOOKMARK [3][]{subsubsection.3.1.2}{Interpixel capacitance requirements}{subsection.3.1}% 6
\BOOKMARK [2][]{subsection.3.2}{Photometric Calibration}{section.3}% 7
\BOOKMARK [3][]{subsubsection.3.2.1}{Dark filter}{subsection.3.2}% 8
\BOOKMARK [3][]{subsubsection.3.2.2}{Calibration plan}{subsection.3.2}% 9
\BOOKMARK [3][]{subsubsection.3.2.3}{Detector characterization}{subsection.3.2}% 10
\BOOKMARK [2][]{subsection.3.3}{Photometric Redshifts}{section.3}% 11
\BOOKMARK [2][]{subsection.3.4}{Cosmological Forecasting, Simulations, and Methodology Development \(D2, D8, D9\)}{section.3}% 12
\BOOKMARK [2][]{subsection.3.5}{Systematics Testing and Mitigation \(D8\)}{section.3}% 13
\BOOKMARK [1][]{section.4}{Galaxy Redshift Survey Investigation [Oli: Yun, Lado, Shirley et al., 15 pages]}{}% 14
\BOOKMARK [2][]{subsection.4.1}{Requirements \(D1\)}{section.4}% 15
\BOOKMARK [3][]{subsubsection.4.1.1}{Science Requirements \(Level 2a\)}{subsection.4.1}% 16
\BOOKMARK [3][]{subsubsection.4.1.2}{Implementation Requirements \(Level 2b\)}{subsection.4.1}% 17
\BOOKMARK [3][]{subsubsection.4.1.3}{Implementation \(Operations Concept\) Requirements}{subsection.4.1}% 18
\BOOKMARK [3][]{subsubsection.4.1.4}{Calibration Requirements}{subsection.4.1}% 19
\BOOKMARK [3][]{subsubsection.4.1.5}{Requirements on Science Data Products:}{subsection.4.1}% 20
\BOOKMARK [3][]{subsubsection.4.1.6}{Requirement on Cosmological Volume Simulations:}{subsection.4.1}% 21
\BOOKMARK [2][]{subsection.4.2}{Simulations}{section.4}% 22
\BOOKMARK [2][]{subsection.4.3}{Cosmological Forecasting and Data Analysis Algorithms}{section.4}% 23
\BOOKMARK [2][]{subsection.4.4}{Requirements}{section.4}% 24
\BOOKMARK [2][]{subsection.4.5}{Simulations}{section.4}% 25
\BOOKMARK [2][]{subsection.4.6}{Cosmological Forecasting, Modeling, and Simulations \(D2, D8, D9\)}{section.4}% 26
\BOOKMARK [2][]{subsection.4.7}{Systematics Testing and Mitigation \(D8\)}{section.4}% 27
\BOOKMARK [1][]{section.5}{Cosmological Forecasts [Oli: Tim, Elisabeth, Olivier, 10 pages]}{}% 28
\BOOKMARK [2][]{subsection.5.1}{CosmoLike Introduction}{section.5}% 29
\BOOKMARK [2][]{subsection.5.2}{HLSS Forecasts}{section.5}% 30
\BOOKMARK [2][]{subsection.5.3}{HLIS Forecasts}{section.5}% 31
\BOOKMARK [2][]{subsection.5.4}{Expanding the Science Case - Multi-Probe Forecasts}{section.5}% 32
\BOOKMARK [1][]{section.6}{Operations Model for the HLS and Evaluation of Trades}{}% 33
\BOOKMARK [2][]{subsection.6.1}{Snapshot of the HLS observing plan}{section.6}% 34
\BOOKMARK [2][]{subsection.6.2}{Further optimizations}{section.6}% 35
\BOOKMARK [2][]{subsection.6.3}{Operations model \(D7\)}{section.6}% 36
\BOOKMARK [2][]{subsection.6.4}{Survey Optimization \(D10, D11\)}{section.6}% 37
\BOOKMARK [1][]{section.7}{Community Engagement and External Data-sets \(D11, D12\) [Oli: Olivier, 5 pages]}{}% 38
\BOOKMARK [1][]{section.8}{Future Workplan [Oli: Olivier, all, 5 pages]}{}% 39
\BOOKMARK [1][]{section.9}{List of Acronyms and Abbreviations and References}{}% 40
